<?xml version="1.0" encoding="UTF-8"?>
<!-- Generated by org.testng.reporters.JUnitReportReporter -->
<testsuite hostname="DESKTOP-ALEB1IN" failures="0" tests="1" name="test.com.itexps.AddProductTest" time="35.509" errors="0" timestamp="24 Sep 2024 15:52:18 GMT">
  <testcase classname="test.com.itexps.AddProductTest" name="testAddProductTestCase" time="35.509"/>
</testsuite> <!-- test.com.itexps.AddProductTest -->
