<?xml version="1.0" encoding="UTF-8"?>
<!-- Generated by org.testng.reporters.JUnitReportReporter -->
<testsuite hostname="DESKTOP-ALEB1IN" failures="0" tests="1" name="test.com.itexps.FilterSearchTest" time="21.912" errors="0" timestamp="24 Sep 2024 15:52:18 GMT">
  <testcase classname="test.com.itexps.FilterSearchTest" name="testFilterSearchTestCase" time="21.912"/>
</testsuite> <!-- test.com.itexps.FilterSearchTest -->
