<?xml version="1.0" encoding="UTF-8"?>
<!-- Generated by org.testng.reporters.JUnitReportReporter -->
<testsuite hostname="DESKTOP-ALEB1IN" failures="0" tests="1" name="test.com.itexps.CreateProfileTest" time="19.244" errors="0" timestamp="24 Sep 2024 15:52:18 GMT">
  <testcase classname="test.com.itexps.CreateProfileTest" name="testCreateProfileTest" time="19.244"/>
</testsuite> <!-- test.com.itexps.CreateProfileTest -->
